<?xml version="1.0" encoding="UTF-8"?>
<testng-results ignored="0" total="2" passed="2" failed="0" skipped="0">
  <reporter-output>
    <line>
      <![CDATA[Browser got launched]]>
    </line>
    <line>
      <![CDATA[Browser got Maximized]]>
    </line>
    <line>
      <![CDATA[Logged In Successfully]]>
    </line>
    <line>
      <![CDATA[Product Added Successfully]]>
    </line>
    <line>
      <![CDATA[Logged out Successfully]]>
    </line>
    <line>
      <![CDATA[Browser got Closed Successfully]]>
    </line>
    <line>
      <![CDATA[Browser got launched]]>
    </line>
    <line>
      <![CDATA[Browser got Maximized]]>
    </line>
    <line>
      <![CDATA[Logged In Successfully]]>
    </line>
    <line>
      <![CDATA[Logged out Successfully]]>
    </line>
    <line>
      <![CDATA[Browser got Closed Successfully]]>
    </line>
  </reporter-output>
  <suite started-at="2025-03-03T16:45:34 IST" name="Suite" finished-at="2025-03-03T16:46:40 IST" duration-ms="66295">
    <groups>
    </groups>
    <test started-at="2025-03-03T16:45:34 IST" name="Test" finished-at="2025-03-03T16:46:40 IST" duration-ms="66295">
      <class name="vTiger.ToCreateCampaign">
        <test-method is-config="true" signature="toLaunch(java.lang.String)[pri:0, instance:vTiger.ToCreateCampaign@17f9d882]" started-at="2025-03-03T16:46:07 IST" name="toLaunch" finished-at="2025-03-03T16:46:10 IST" duration-ms="3393" status="PASS">
          <params>
            <param index="0">
              <value>
                <![CDATA[chrome]]>
              </value>
            </param>
          </params>
          <reporter-output>
            <line>
              <![CDATA[Browser got launched]]>
            </line>
            <line>
              <![CDATA[Browser got Maximized]]>
            </line>
          </reporter-output>
        </test-method> <!-- toLaunch -->
        <test-method is-config="true" signature="toLogin()[pri:0, instance:vTiger.ToCreateCampaign@17f9d882]" started-at="2025-03-03T16:46:10 IST" name="toLogin" finished-at="2025-03-03T16:46:17 IST" duration-ms="6396" status="PASS">
          <reporter-output>
            <line>
              <![CDATA[Logged In Successfully]]>
            </line>
          </reporter-output>
        </test-method> <!-- toLogin -->
        <test-method signature="toCreateCampaign()[pri:0, instance:vTiger.ToCreateCampaign@17f9d882]" started-at="2025-03-03T16:46:17 IST" name="toCreateCampaign" finished-at="2025-03-03T16:46:37 IST" duration-ms="20020" status="PASS">
          <reporter-output>
          </reporter-output>
        </test-method> <!-- toCreateCampaign -->
        <test-method is-config="true" signature="toLogout()[pri:0, instance:vTiger.ToCreateCampaign@17f9d882]" started-at="2025-03-03T16:46:37 IST" name="toLogout" finished-at="2025-03-03T16:46:40 IST" duration-ms="2986" status="PASS">
          <reporter-output>
            <line>
              <![CDATA[Logged out Successfully]]>
            </line>
          </reporter-output>
        </test-method> <!-- toLogout -->
        <test-method is-config="true" signature="toClose()[pri:0, instance:vTiger.ToCreateCampaign@17f9d882]" started-at="2025-03-03T16:46:40 IST" name="toClose" finished-at="2025-03-03T16:46:40 IST" duration-ms="320" status="PASS">
          <reporter-output>
            <line>
              <![CDATA[Browser got Closed Successfully]]>
            </line>
          </reporter-output>
        </test-method> <!-- toClose -->
      </class> <!-- vTiger.ToCreateCampaign -->
      <class name="vTiger.ToAddProduct">
        <test-method is-config="true" signature="toLaunch(java.lang.String)[pri:0, instance:vTiger.ToAddProduct@33065d67]" started-at="2025-03-03T16:45:34 IST" name="toLaunch" finished-at="2025-03-03T16:45:39 IST" duration-ms="4554" status="PASS">
          <params>
            <param index="0">
              <value>
                <![CDATA[chrome]]>
              </value>
            </param>
          </params>
          <reporter-output>
            <line>
              <![CDATA[Browser got launched]]>
            </line>
            <line>
              <![CDATA[Browser got Maximized]]>
            </line>
          </reporter-output>
        </test-method> <!-- toLaunch -->
        <test-method is-config="true" signature="toLogin()[pri:0, instance:vTiger.ToAddProduct@33065d67]" started-at="2025-03-03T16:45:39 IST" name="toLogin" finished-at="2025-03-03T16:45:46 IST" duration-ms="6808" status="PASS">
          <reporter-output>
            <line>
              <![CDATA[Logged In Successfully]]>
            </line>
          </reporter-output>
        </test-method> <!-- toLogin -->
        <test-method signature="toaddProduct()[pri:0, instance:vTiger.ToAddProduct@33065d67]" started-at="2025-03-03T16:45:46 IST" name="toaddProduct" finished-at="2025-03-03T16:46:04 IST" duration-ms="18074" status="PASS">
          <reporter-output>
            <line>
              <![CDATA[Product Added Successfully]]>
            </line>
          </reporter-output>
        </test-method> <!-- toaddProduct -->
        <test-method is-config="true" signature="toLogout()[pri:0, instance:vTiger.ToAddProduct@33065d67]" started-at="2025-03-03T16:46:04 IST" name="toLogout" finished-at="2025-03-03T16:46:07 IST" duration-ms="2852" status="PASS">
          <reporter-output>
            <line>
              <![CDATA[Logged out Successfully]]>
            </line>
          </reporter-output>
        </test-method> <!-- toLogout -->
        <test-method is-config="true" signature="toClose()[pri:0, instance:vTiger.ToAddProduct@33065d67]" started-at="2025-03-03T16:46:07 IST" name="toClose" finished-at="2025-03-03T16:46:07 IST" duration-ms="398" status="PASS">
          <reporter-output>
            <line>
              <![CDATA[Browser got Closed Successfully]]>
            </line>
          </reporter-output>
        </test-method> <!-- toClose -->
      </class> <!-- vTiger.ToAddProduct -->
    </test> <!-- Test -->
  </suite> <!-- Suite -->
</testng-results>
